TN:
SF:src\app.ts
FN:20,(anonymous_11)
FN:33,(anonymous_12)
FN:39,(anonymous_13)
FN:43,(anonymous_14)
FN:47,(anonymous_15)
FN:55,(anonymous_17)
FNF:6
FNH:6
FNDA:1,(anonymous_11)
FNDA:1,(anonymous_12)
FNDA:1,(anonymous_13)
FNDA:1,(anonymous_14)
FNDA:1,(anonymous_15)
FNDA:1,(anonymous_17)
DA:1,1
DA:3,1
DA:5,1
DA:6,1
DA:10,1
DA:12,1
DA:15,1
DA:21,1
DA:22,1
DA:23,1
DA:24,1
DA:25,1
DA:27,1
DA:28,1
DA:30,1
DA:34,1
DA:35,1
DA:36,1
DA:40,1
DA:44,1
DA:48,1
DA:49,1
DA:50,1
DA:51,1
DA:52,1
DA:53,1
DA:56,1
LF:27
LH:27
BRF:0
BRH:0
end_of_record
TN:
SF:src\main.ts
FN:24,(anonymous_7)
FN:35,bootstrap
FNF:2
FNH:2
FNDA:1,(anonymous_7)
FNDA:1,bootstrap
DA:1,1
DA:2,1
DA:4,1
DA:5,1
DA:6,1
DA:7,1
DA:12,1
DA:13,1
DA:15,1
DA:16,1
DA:24,1
DA:25,1
DA:26,1
DA:27,1
DA:28,1
DA:29,1
DA:30,1
DA:31,1
DA:32,1
DA:36,1
DA:37,1
DA:38,1
DA:39,1
DA:40,1
DA:43,1
LF:25
LH:25
BRF:0
BRH:0
end_of_record
TN:
SF:src\types.ts
FNF:0
FNH:0
DA:1,1
LF:1
LH:1
BRF:0
BRH:0
end_of_record
TN:
SF:src\common\auth.guard.ts
FN:5,(anonymous_0)
FNF:1
FNH:1
FNDA:2,(anonymous_0)
DA:4,1
DA:6,2
DA:7,1
DA:9,1
LF:4
LH:4
BRDA:6,0,0,1
BRF:1
BRH:1
end_of_record
TN:
SF:src\common\auth.middleware.ts
FN:6,(anonymous_0)
FN:7,(anonymous_1)
FN:10,(anonymous_2)
FNF:3
FNH:3
FNDA:1,(anonymous_0)
FNDA:6,(anonymous_1)
FNDA:2,(anonymous_2)
DA:3,1
DA:5,1
DA:6,1
DA:8,6
DA:9,2
DA:10,2
DA:11,2
DA:12,1
DA:13,1
DA:14,1
DA:15,1
DA:19,4
LF:12
LH:12
BRDA:8,0,0,2
BRDA:8,0,1,4
BRDA:11,1,0,1
BRDA:11,1,1,1
BRDA:13,2,0,1
BRF:5
BRH:5
end_of_record
TN:
SF:src\common\base.controller.ts
FN:11,(anonymous_1)
FN:15,(anonymous_2)
FN:19,(anonymous_3)
FN:22,(anonymous_4)
FN:27,(anonymous_5)
FN:31,(anonymous_6)
FN:34,(anonymous_7)
FNF:7
FNH:6
FNDA:1,(anonymous_1)
FNDA:4,(anonymous_2)
FNDA:0,(anonymous_3)
FNDA:3,(anonymous_4)
FNDA:3,(anonymous_5)
FNDA:1,(anonymous_6)
FNDA:3,(anonymous_7)
DA:1,1
DA:3,1
DA:5,1
DA:8,1
DA:11,1
DA:12,1
DA:16,4
DA:20,0
DA:23,3
DA:24,3
DA:28,3
DA:32,1
DA:33,3
DA:34,3
DA:35,3
DA:36,3
DA:37,3
LF:17
LH:16
BRDA:34,0,0,0
BRDA:34,0,1,3
BRDA:34,1,0,3
BRDA:34,1,1,3
BRDA:36,2,0,3
BRDA:36,2,1,0
BRF:6
BRH:4
end_of_record
TN:
SF:src\common\validate.middleware.ts
FN:7,(anonymous_0)
FN:9,(anonymous_1)
FN:11,(anonymous_2)
FNF:3
FNH:3
FNDA:2,(anonymous_0)
FNDA:4,(anonymous_1)
FNDA:4,(anonymous_2)
DA:3,1
DA:4,1
DA:6,1
DA:7,2
DA:10,4
DA:11,4
DA:12,4
DA:13,0
DA:15,4
LF:9
LH:8
BRDA:12,0,0,0
BRDA:12,0,1,4
BRF:2
BRH:1
end_of_record
TN:
SF:src\config\config.service.ts
FN:11,(anonymous_3)
FN:20,(anonymous_4)
FNF:2
FNH:2
FNDA:1,(anonymous_3)
FNDA:5,(anonymous_4)
DA:2,1
DA:3,1
DA:5,1
DA:6,1
DA:9,1
DA:11,1
DA:12,1
DA:13,1
DA:14,0
DA:16,1
DA:17,1
DA:21,5
LF:12
LH:11
BRDA:13,0,0,0
BRDA:13,0,1,1
BRF:2
BRH:1
end_of_record
TN:
SF:src\database\prisma.service.ts
FN:10,(anonymous_10)
FN:14,(anonymous_11)
FN:25,(anonymous_13)
FNF:3
FNH:2
FNDA:1,(anonymous_10)
FNDA:1,(anonymous_11)
FNDA:0,(anonymous_13)
DA:1,1
DA:2,1
DA:4,1
DA:7,1
DA:10,1
DA:11,1
DA:15,1
DA:16,1
DA:17,1
DA:19,0
DA:20,0
DA:26,0
LF:12
LH:9
BRDA:19,0,0,0
BRF:1
BRH:0
end_of_record
TN:
SF:src\errors\exeption.filter.ts
FN:11,(anonymous_3)
FN:15,(anonymous_4)
FNF:2
FNH:2
FNDA:1,(anonymous_3)
FNDA:2,(anonymous_4)
DA:2,1
DA:4,1
DA:6,1
DA:7,1
DA:10,1
DA:11,1
DA:12,1
DA:16,2
DA:17,2
DA:18,2
DA:20,0
DA:21,0
LF:12
LH:10
BRDA:16,0,0,2
BRDA:16,0,1,0
BRF:2
BRH:1
end_of_record
TN:
SF:src\errors\http-error.class.ts
FN:2,(anonymous_0)
FNF:1
FNH:1
FNDA:2,(anonymous_0)
DA:1,1
DA:2,2
DA:3,2
LF:3
LH:3
BRF:0
BRH:0
end_of_record
TN:
SF:src\logger\logger.service.ts
FN:10,(anonymous_1)
FN:20,(anonymous_2)
FN:24,(anonymous_3)
FN:28,(anonymous_4)
FNF:4
FNH:3
FNDA:1,(anonymous_1)
FNDA:9,(anonymous_2)
FNDA:2,(anonymous_3)
FNDA:0,(anonymous_4)
DA:1,1
DA:2,1
DA:4,1
DA:7,1
DA:11,1
DA:17,1
DA:21,9
DA:25,2
DA:29,0
LF:9
LH:8
BRF:0
BRH:0
end_of_record
TN:
SF:src\users\user.entity.ts
FN:5,(anonymous_7)
FN:15,(anonymous_8)
FN:18,(anonymous_9)
FN:21,(anonymous_10)
FN:25,(anonymous_11)
FN:29,(anonymous_13)
FNF:6
FNH:3
FNDA:4,(anonymous_7)
FNDA:0,(anonymous_8)
FNDA:0,(anonymous_9)
FNDA:0,(anonymous_10)
FNDA:1,(anonymous_11)
FNDA:3,(anonymous_13)
DA:1,1
DA:3,1
DA:6,4
DA:7,4
DA:8,4
DA:10,4
DA:11,3
DA:16,0
DA:19,0
DA:22,0
DA:26,1
DA:30,3
LF:12
LH:9
BRDA:10,0,0,3
BRF:1
BRH:1
end_of_record
TN:
SF:src\users\user.service.ts
FN:14,(anonymous_10)
FN:18,(anonymous_11)
FN:30,(anonymous_13)
FN:39,(anonymous_15)
FNF:4
FNH:4
FNDA:1,(anonymous_10)
FNDA:1,(anonymous_11)
FNDA:3,(anonymous_13)
FNDA:1,(anonymous_15)
DA:1,1
DA:4,1
DA:6,1
DA:7,1
DA:13,1
DA:15,1
DA:16,1
DA:19,1
DA:20,1
DA:21,1
DA:22,1
DA:23,1
DA:24,1
DA:27,0
DA:31,3
DA:32,3
DA:33,0
DA:35,3
DA:36,3
DA:40,1
LF:20
LH:18
BRDA:23,0,0,1
BRDA:32,1,0,0
BRF:2
BRH:1
end_of_record
TN:
SF:src\users\users.controller.ts
FN:19,(anonymous_10)
FN:48,(anonymous_11)
FN:61,(anonymous_13)
FN:73,(anonymous_15)
FN:81,(anonymous_17)
FN:82,(anonymous_18)
FN:94,(anonymous_19)
FNF:7
FNH:7
FNDA:1,(anonymous_10)
FNDA:3,(anonymous_11)
FNDA:1,(anonymous_13)
FNDA:1,(anonymous_15)
FNDA:2,(anonymous_17)
FNDA:2,(anonymous_18)
FNDA:2,(anonymous_19)
DA:2,1
DA:3,1
DA:4,1
DA:6,1
DA:7,1
DA:9,1
DA:10,1
DA:12,1
DA:13,1
DA:15,1
DA:18,1
DA:20,1
DA:21,1
DA:22,1
DA:24,1
DA:25,1
DA:45,1
DA:53,3
DA:54,3
DA:55,1
DA:57,2
DA:58,2
DA:66,1
DA:67,1
DA:68,1
DA:70,0
DA:74,1
DA:75,1
DA:82,2
DA:83,2
DA:95,2
DA:96,0
DA:98,2
LF:33
LH:31
BRDA:54,0,0,1
BRDA:67,1,0,1
BRDA:76,2,0,0
BRDA:76,2,1,1
BRDA:76,3,0,1
BRDA:76,3,1,1
BRDA:77,4,0,0
BRDA:77,4,1,1
BRDA:77,5,0,1
BRDA:77,5,1,1
BRDA:95,6,0,0
BRF:11
BRH:8
end_of_record
TN:
SF:src\users\users.repository.ts
FN:10,(anonymous_10)
FN:12,(anonymous_11)
FN:21,(anonymous_13)
FNF:3
FNH:2
FNDA:1,(anonymous_10)
FNDA:0,(anonymous_11)
FNDA:5,(anonymous_13)
DA:2,1
DA:6,1
DA:9,1
DA:10,1
DA:13,0
DA:22,5
LF:6
LH:5
BRF:0
BRH:0
end_of_record
TN:
SF:src\users\dto\user-login.dto.ts
FNF:0
FNH:0
DA:1,1
DA:3,1
DA:5,1
DA:8,1
LF:4
LH:4
BRF:0
BRH:0
end_of_record
TN:
SF:src\users\dto\user-register.dto.ts
FNF:0
FNH:0
DA:1,1
DA:3,1
DA:5,1
DA:8,1
DA:11,1
LF:5
LH:5
BRF:0
BRH:0
end_of_record
